<?xml version="1.0" encoding="UTF-8"?>
<!-- Generated by org.testng.reporters.JUnitReportReporter -->
<testsuite hostname="DESKTOP-QLL0V29" failures="0" tests="1" name="mysoft.TestCases.LoginTest" time="13.965" errors="0" timestamp="13 May 2024 10:24:13 GMT" skipped="0">
  <testcase classname="mysoft.TestCases.LoginTest" name="loginTest" time="13.965"/>
</testsuite> <!-- mysoft.TestCases.LoginTest -->
